# JRE version: OpenJDK Runtime Environment (21.0.2+13) (build 21.0.2+13-58)
# Java VM: OpenJDK 64-Bit Server VM (21.0.2+13-58, interpreted mode, tiered, compressed oops, compressed class ptrs, g1 gc, bsd-aarch64)
GC Precious Log:
 CardTable entry size: 512
 Card Set container configuration: InlinePtr #cards 4 size 8 Array Of Cards #cards 64 size 144 Howl #buckets 8 coarsen threshold 14745 Howl Bitmap #cards 2048 size 272 coarsen threshold 1843 Card regions per heap region 1 cards per card region 16384
 CPUs: 11 total, 11 available
 Memory: 36864M
 Large Page Support: Disabled
 NUMA Support: Disabled
 Compressed Oops: Enabled (Zero based)
 Heap Region Size: 8M
 Heap Min Capacity: 8M
 Heap Initial Capacity: 576M
 Heap Max Capacity: 9G
 Pre-touch: Disabled
 Parallel Workers: 1
 Concurrent Workers: 1
 Concurrent Refinement Workers: 1
 Periodic GC: Disabled
Heap:
 garbage-first heap   total 57344K, used 9447K [0x00000005c0000000, 0x0000000800000000)
  region size 8192K, 2 young (16384K), 1 survivors (8192K)
 Metaspace       used 38642K, committed 38912K, reserved 1114112K
  class space    used 5374K, committed 5504K, reserved 1048576K
GC Heap History (10 events):
Event: 0.545 GC heap before
{Heap before GC invocations=0 (full 0):
 garbage-first heap   total 589824K, used 16384K [0x00000005c0000000, 0x0000000800000000)
  region size 8192K, 3 young (24576K), 0 survivors (0K)
 Metaspace       used 21275K, committed 21504K, reserved 1114112K
  class space    used 2155K, committed 2304K, reserved 1048576K
}
Event: 0.549 GC heap after
{Heap after GC invocations=1 (full 0):
 garbage-first heap   total 589824K, used 7543K [0x00000005c0000000, 0x0000000800000000)
  region size 8192K, 1 young (8192K), 1 survivors (8192K)
 Metaspace       used 21275K, committed 21504K, reserved 1114112K
  class space    used 2155K, committed 2304K, reserved 1048576K
}
Event: 0.844 GC heap before
{Heap before GC invocations=2 (full 0):
 garbage-first heap   total 57344K, used 23927K [0x00000005c0000000, 0x0000000800000000)
  region size 8192K, 3 young (24576K), 1 survivors (8192K)
 Metaspace       used 28085K, committed 28352K, reserved 1114112K
  class space    used 3403K, committed 3520K, reserved 1048576K
}
Event: 0.849 GC heap after
{Heap after GC invocations=3 (full 0):
 garbage-first heap   total 57344K, used 8578K [0x00000005c0000000, 0x0000000800000000)
  region size 8192K, 1 young (8192K), 1 survivors (8192K)
 Metaspace       used 28085K, committed 28352K, reserved 1114112K
  class space    used 3403K, committed 3520K, reserved 1048576K
}
Event: 0.971 GC heap before
{Heap before GC invocations=3 (full 0):
 garbage-first heap   total 57344K, used 16770K [0x00000005c0000000, 0x0000000800000000)
  region size 8192K, 2 young (16384K), 1 survivors (8192K)
 Metaspace       used 31383K, committed 31552K, reserved 1114112K
  class space    used 4149K, committed 4224K, reserved 1048576K
}
Event: 0.972 GC heap after
{Heap after GC invocations=4 (full 0):
 garbage-first heap   total 57344K, used 8946K [0x00000005c0000000, 0x0000000800000000)
  region size 8192K, 1 young (8192K), 1 survivors (8192K)
 Metaspace       used 31383K, committed 31552K, reserved 1114112K
  class space    used 4149K, committed 4224K, reserved 1048576K
}
Event: 1.098 GC heap before
{Heap before GC invocations=4 (full 0):
 garbage-first heap   total 57344K, used 17138K [0x00000005c0000000, 0x0000000800000000)
  region size 8192K, 2 young (16384K), 1 survivors (8192K)
 Metaspace       used 35306K, committed 35584K, reserved 1114112K
  class space    used 4757K, committed 4864K, reserved 1048576K
}
Event: 1.100 GC heap after
{Heap after GC invocations=5 (full 0):
 garbage-first heap   total 57344K, used 9337K [0x00000005c0000000, 0x0000000800000000)
  region size 8192K, 1 young (8192K), 1 survivors (8192K)
 Metaspace       used 35306K, committed 35584K, reserved 1114112K
  class space    used 4757K, committed 4864K, reserved 1048576K
}
Event: 1.123 GC heap before
{Heap before GC invocations=5 (full 0):
 garbage-first heap   total 57344K, used 9337K [0x00000005c0000000, 0x0000000800000000)
  region size 8192K, 2 young (16384K), 1 survivors (8192K)
 Metaspace       used 35759K, committed 35968K, reserved 1114112K
  class space    used 4837K, committed 4928K, reserved 1048576K
}
Event: 1.125 GC heap after
{Heap after GC invocations=6 (full 0):
 garbage-first heap   total 57344K, used 9447K [0x00000005c0000000, 0x0000000800000000)
  region size 8192K, 1 young (8192K), 1 survivors (8192K)
 Metaspace       used 35759K, committed 35968K, reserved 1114112K
  class space    used 4837K, committed 4928K, reserved 1048576K
}

